This is pdfTeX, Version 3.1415926-1.40.10 (TeX Live 2009/Debian) (format=pdflatex 2012.1.7)  14 FEB 2012 21:36
entering extended mode
 %&-line parsing enabled.
**LMD_gidas.tex
(./LMD_gidas.tex
LaTeX2e <2009/09/24>
Babel <v3.8l> and hyphenation patterns for english, usenglishmax, dumylang, noh
yphenation, bulgarian, ukrainian, russian, lithuanian, loaded.
(/usr/share/texmf-texlive/tex/latex/base/article.cls
Document Class: article 2007/10/19 v1.4h Standard LaTeX document class
(/usr/share/texmf-texlive/tex/latex/base/size10.clo
File: size10.clo 2007/10/19 v1.4h Standard LaTeX file (size option)
)
\c@part=\count79
\c@section=\count80
\c@subsection=\count81
\c@subsubsection=\count82
\c@paragraph=\count83
\c@subparagraph=\count84
\c@figure=\count85
\c@table=\count86
\abovecaptionskip=\skip41
\belowcaptionskip=\skip42
\bibindent=\dimen102
)
(/usr/share/texmf-texlive/tex/latex/base/fontenc.sty
Package: fontenc 2005/09/27 v1.99g Standard LaTeX package

(/usr/share/texmf/tex/latex/littex/l7xenc.def
File: l7xenc.def 2008/10/14 v1.96 LaTeX-LT file
LaTeX Info: Redefining \selectfont on input line 30.
)
LaTeX Font Info:    Failed loading font information for L7x+cmr. on input line 
100.
LaTeX Font Info:    Try loading font information for L7x+lmr on input line 100.


(/usr/share/texmf/tex/latex/lm/l7xlmr.fd
File: l7xlmr.fd 2009/10/30 v1.6 Font defs for Latin Modern
))
(/usr/share/texmf-texlive/tex/generic/babel/babel.sty
Package: babel 2008/07/06 v3.8l The Babel package

(/usr/share/texmf-texlive/tex/latex/lithuanian/lithuanian.ldf
Language: lithuanian 2006/09/20 v0.5 Lithuanian support from the babel system

(/usr/share/texmf-texlive/tex/generic/babel/babel.def
File: babel.def 2008/07/06 v3.8l Babel common definitions
\babel@savecnt=\count87
\U@D=\dimen103
)))
(/usr/share/texmf-texlive/tex/latex/graphics/graphicx.sty
Package: graphicx 1999/02/16 v1.0f Enhanced LaTeX Graphics (DPC,SPQR)

(/usr/share/texmf-texlive/tex/latex/graphics/keyval.sty
Package: keyval 1999/03/16 v1.13 key=value parser (DPC)
\KV@toks@=\toks14
)
(/usr/share/texmf-texlive/tex/latex/graphics/graphics.sty
Package: graphics 2009/02/05 v1.0o Standard LaTeX Graphics (DPC,SPQR)

(/usr/share/texmf-texlive/tex/latex/graphics/trig.sty
Package: trig 1999/03/16 v1.09 sin cos tan (DPC)
)
(/etc/texmf/tex/latex/config/graphics.cfg
File: graphics.cfg 2009/08/28 v1.8 graphics configuration of TeX Live
)
Package graphics Info: Driver file: pdftex.def on input line 91.

(/usr/share/texmf-texlive/tex/latex/pdftex-def/pdftex.def
File: pdftex.def 2009/08/25 v0.04m Graphics/color for pdfTeX
\Gread@gobject=\count88
))
\Gin@req@height=\dimen104
\Gin@req@width=\dimen105
)
(/usr/share/texmf-texlive/tex/latex/base/latexsym.sty
Package: latexsym 1998/08/17 v2.2e Standard LaTeX package (lasy symbols)
\symlasy=\mathgroup4
LaTeX Font Info:    Overwriting symbol font `lasy' in version `bold'
(Font)                  U/lasy/m/n --> U/lasy/b/n on input line 47.
)
(/usr/share/texmf-texlive/tex/latex/amsfonts/amssymb.sty
Package: amssymb 2009/06/22 v3.00

(/usr/share/texmf-texlive/tex/latex/amsfonts/amsfonts.sty
Package: amsfonts 2009/06/22 v3.00 Basic AMSFonts support
\@emptytoks=\toks15
\symAMSa=\mathgroup5
\symAMSb=\mathgroup6
LaTeX Font Info:    Overwriting math alphabet `\mathfrak' in version `bold'
(Font)                  U/euf/m/n --> U/euf/b/n on input line 96.
))
(/usr/share/texmf-texlive/tex/latex/amsmath/amsmath.sty
Package: amsmath 2000/07/18 v2.13 AMS math features
\@mathmargin=\skip43

For additional information on amsmath, use the `?' option.
(/usr/share/texmf-texlive/tex/latex/amsmath/amstext.sty
Package: amstext 2000/06/29 v2.01

(/usr/share/texmf-texlive/tex/latex/amsmath/amsgen.sty
File: amsgen.sty 1999/11/30 v2.0
\@emptytoks=\toks16
\ex@=\dimen106
))
(/usr/share/texmf-texlive/tex/latex/amsmath/amsbsy.sty
Package: amsbsy 1999/11/29 v1.2d
\pmbraise@=\dimen107
)
(/usr/share/texmf-texlive/tex/latex/amsmath/amsopn.sty
Package: amsopn 1999/12/14 v2.01 operator names
)
\inf@bad=\count89
LaTeX Info: Redefining \frac on input line 211.
\uproot@=\count90
\leftroot@=\count91
LaTeX Info: Redefining \overline on input line 307.
\classnum@=\count92
\DOTSCASE@=\count93
LaTeX Info: Redefining \ldots on input line 379.
LaTeX Info: Redefining \dots on input line 382.
LaTeX Info: Redefining \cdots on input line 467.
\Mathstrutbox@=\box26
\strutbox@=\box27
\big@size=\dimen108
LaTeX Font Info:    Redeclaring font encoding OML on input line 567.
LaTeX Font Info:    Redeclaring font encoding OMS on input line 568.
\macc@depth=\count94
\c@MaxMatrixCols=\count95
\dotsspace@=\muskip10
\c@parentequation=\count96
\dspbrk@lvl=\count97
\tag@help=\toks17
\row@=\count98
\column@=\count99
\maxfields@=\count100
\andhelp@=\toks18
\eqnshift@=\dimen109
\alignsep@=\dimen110
\tagshift@=\dimen111
\tagwidth@=\dimen112
\totwidth@=\dimen113
\lineht@=\dimen114
\@envbody=\toks19
\multlinegap=\skip44
\multlinetaggap=\skip45
\mathdisplay@stack=\toks20
LaTeX Info: Redefining \[ on input line 2666.
LaTeX Info: Redefining \] on input line 2667.
)
\c@thm=\count101

(/usr/share/texmf-texlive/tex/latex/graphics/color.sty
Package: color 2005/11/14 v1.0j Standard LaTeX Color (DPC)

(/etc/texmf/tex/latex/config/color.cfg
File: color.cfg 2007/01/18 v1.5 color configuration of teTeX/TeXLive
)
Package color Info: Driver file: pdftex.def on input line 130.
)

LaTeX Warning: File `x.bib' already exists on the system.
               Not generating it from this source.

No file LMD_gidas.aux.
\openout1 = `LMD_gidas.aux'.

LaTeX Font Info:    Checking defaults for OML/cmm/m/it on input line 105.
LaTeX Font Info:    ... okay on input line 105.
LaTeX Font Info:    Checking defaults for T1/cmr/m/n on input line 105.
LaTeX Font Info:    ... okay on input line 105.
LaTeX Font Info:    Checking defaults for OT1/cmr/m/n on input line 105.
LaTeX Font Info:    ... okay on input line 105.
LaTeX Font Info:    Checking defaults for OMS/cmsy/m/n on input line 105.
LaTeX Font Info:    ... okay on input line 105.
LaTeX Font Info:    Checking defaults for OMX/cmex/m/n on input line 105.
LaTeX Font Info:    ... okay on input line 105.
LaTeX Font Info:    Checking defaults for U/cmr/m/n on input line 105.
LaTeX Font Info:    ... okay on input line 105.
LaTeX Font Info:    Checking defaults for L7x/lmr/m/n on input line 105.
LaTeX Font Info:    ... okay on input line 105.
LaTeX Font Info:    Failed loading font information for L7x+cmr. on input line 
105.
(/usr/share/texmf-texlive/tex/context/base/supp-pdf.mkii
[Loading MPS to PDF converter (version 2006.09.02).]
\scratchcounter=\count102
\scratchdimen=\dimen115
\scratchbox=\box28
\nofMPsegments=\count103
\nofMParguments=\count104
\everyMPshowfont=\toks21
\MPscratchCnt=\count105
\MPscratchDim=\dimen116
\MPnumerator=\count106
\everyMPtoPDFconversion=\toks22
)
LaTeX Font Info:    Try loading font information for U+lasy on input line 106.
 (/usr/share/texmf-texlive/tex/latex/base/ulasy.fd
File: ulasy.fd 1998/08/17 v2.2e LaTeX symbol font definitions
)
LaTeX Font Info:    Try loading font information for U+msa on input line 106.

(/usr/share/texmf-texlive/tex/latex/amsfonts/umsa.fd
File: umsa.fd 2009/06/22 v3.00 AMS symbols A
)
LaTeX Font Info:    Try loading font information for U+msb on input line 106.

(/usr/share/texmf-texlive/tex/latex/amsfonts/umsb.fd
File: umsb.fd 2009/06/22 v3.00 AMS symbols B
)
LaTeX Font Info:    Failed loading font information for L7x+cmr. on input line 
106.
LaTeX Font Info:    Failed loading font information for L7x+cmr. on input line 
106.
LaTeX Font Info:    Failed loading font information for L7x+cmr. on input line 
106.
LaTeX Font Info:    Failed loading font information for L7x+cmr. on input line 
130.
LaTeX Font Info:    Try loading font information for OT1+lmr on input line 131.


(/usr/share/texmf/tex/latex/lm/ot1lmr.fd
File: ot1lmr.fd 2009/10/30 v1.6 Font defs for Latin Modern
)
LaTeX Font Info:    Failed loading font information for L7x+cmr. on input line 
137.
LaTeX Font Info:    Failed loading font information for L7x+cmr. on input line 
139.
LaTeX Font Info:    Failed loading font information for L7x+cmr. on input line 
143.


! LaTeX Error: Unknown graphics extension: .eps.

See the LaTeX manual or LaTeX Companion for explanation.
Type  H <return>  for immediate help.
 ...                                              
                                                  
l.146 {\includegraphics[ scale=0.45]{guide1.eps}
                                                }
Try typing  <return>  to proceed.
If that doesn't work, type  X <return>  to quit.


! LaTeX Error: Unknown graphics extension: .eps.

See the LaTeX manual or LaTeX Companion for explanation.
Type  H <return>  for immediate help.
 ...                                              
                                                  
l.151 {\includegraphics[ scale=0.45]{guide2.eps}
                                                }
Try typing  <return>  to proceed.
If that doesn't work, type  X <return>  to quit.


! LaTeX Error: Unknown graphics extension: .eps.

See the LaTeX manual or LaTeX Companion for explanation.
Type  H <return>  for immediate help.
 ...                                              
                                                  
l.156 {\includegraphics[ scale=0.45]{guide3.eps}
                                                }
Try typing  <return>  to proceed.
If that doesn't work, type  X <return>  to quit.

LaTeX Font Info:    Failed loading font information for L7x+cmr. on input line 
162.

! LaTeX Error: Unknown graphics extension: .eps.

See the LaTeX manual or LaTeX Companion for explanation.
Type  H <return>  for immediate help.
 ...                                              
                                                  
l.165 {\includegraphics[ scale=0.5]{guide1.eps}
                                               }
Try typing  <return>  to proceed.
If that doesn't work, type  X <return>  to quit.


! LaTeX Error: Unknown graphics extension: .eps.

See the LaTeX manual or LaTeX Companion for explanation.
Type  H <return>  for immediate help.
 ...                                              
                                                  
l.171 {\includegraphics[ scale=0.5]{guide2.eps}
                                               }
Try typing  <return>  to proceed.
If that doesn't work, type  X <return>  to quit.

LaTeX Font Info:    Failed loading font information for L7x+cmr. on input line 
179.

! LaTeX Error: Unknown graphics extension: .eps.

See the LaTeX manual or LaTeX Companion for explanation.
Type  H <return>  for immediate help.
 ...                                              
                                                  
l.182 {\includegraphics[ scale=0.38]{guide1.eps}
                                                }&
Try typing  <return>  to proceed.
If that doesn't work, type  X <return>  to quit.


! LaTeX Error: Unknown graphics extension: .eps.

See the LaTeX manual or LaTeX Companion for explanation.
Type  H <return>  for immediate help.
 ...                                              
                                                  
l.183 {\includegraphics[ scale=0.38]{guide2.eps}
                                                }&
Try typing  <return>  to proceed.
If that doesn't work, type  X <return>  to quit.


! LaTeX Error: Unknown graphics extension: .eps.

See the LaTeX manual or LaTeX Companion for explanation.
Type  H <return>  for immediate help.
 ...                                              
                                                  
l.184 {\includegraphics[ scale=0.38]{guide3.eps}
                                                }\\
Try typing  <return>  to proceed.
If that doesn't work, type  X <return>  to quit.


! LaTeX Error: Unknown graphics extension: .eps.

See the LaTeX manual or LaTeX Companion for explanation.
Type  H <return>  for immediate help.
 ...                                              
                                                  
l.187 {\includegraphics[ scale=0.38]{guide2.eps}
                                                }&
Try typing  <return>  to proceed.
If that doesn't work, type  X <return>  to quit.


! LaTeX Error: Unknown graphics extension: .eps.

See the LaTeX manual or LaTeX Companion for explanation.
Type  H <return>  for immediate help.
 ...                                              
                                                  
l.188 {\includegraphics[ scale=0.38]{guide1.eps}
                                                }&
Try typing  <return>  to proceed.
If that doesn't work, type  X <return>  to quit.


! LaTeX Error: Unknown graphics extension: .eps.

See the LaTeX manual or LaTeX Companion for explanation.
Type  H <return>  for immediate help.
 ...                                              
                                                  
l.189 {\includegraphics[ scale=0.38]{guide2.eps}
                                                }\\
Try typing  <return>  to proceed.
If that doesn't work, type  X <return>  to quit.

LaTeX Font Info:    Failed loading font information for L7x+cmr. on input line 
197.

! LaTeX Error: Unknown graphics extension: .eps.

See the LaTeX manual or LaTeX Companion for explanation.
Type  H <return>  for immediate help.
 ...                                              
                                                  
l.200 {\includegraphics[ scale=0.45]{guide1.eps}
                                                }
Try typing  <return>  to proceed.
If that doesn't work, type  X <return>  to quit.


! LaTeX Error: Unknown graphics extension: .eps.

See the LaTeX manual or LaTeX Companion for explanation.
Type  H <return>  for immediate help.
 ...                                              
                                                  
l.206 {\includegraphics[ scale=0.45]{guide1.eps}
                                                }
Try typing  <return>  to proceed.
If that doesn't work, type  X <return>  to quit.


! LaTeX Error: Unknown graphics extension: .eps.

See the LaTeX manual or LaTeX Companion for explanation.
Type  H <return>  for immediate help.
 ...                                              
                                                  
l.212 {\includegraphics[ scale=0.45]{guide1.eps}
                                                }
Try typing  <return>  to proceed.
If that doesn't work, type  X <return>  to quit.

LaTeX Font Info:    Failed loading font information for L7x+cmr. on input line 
219.

! LaTeX Error: Unknown graphics extension: .eps.

See the LaTeX manual or LaTeX Companion for explanation.
Type  H <return>  for immediate help.
 ...                                              
                                                  
l.222 {\includegraphics[ scale=0.6]{guide4.eps}
                                               } \caption{Vienas paveiksllis...

Try typing  <return>  to proceed.
If that doesn't work, type  X <return>  to quit.

LaTeX Font Info:    Failed loading font information for L7x+cmr. on input line 
227.
LaTeX Font Info:    Failed loading font information for L7x+cmtt. on input line
 227.
LaTeX Font Info:    Failed loading font information for L7x+cmr. on input line 
228.
LaTeX Font Info:    Failed loading font information for L7x+cmtt. on input line
 228.
LaTeX Font Info:    Failed loading font information for L7x+cmr. on input line 
229.
LaTeX Font Info:    Failed loading font information for L7x+cmtt. on input line
 229.
LaTeX Font Info:    Failed loading font information for L7x+cmr. on input line 
232.
LaTeX Font Info:    Failed loading font information for L7x+cmtt. on input line
 232.
LaTeX Font Info:    Failed loading font information for L7x+cmr. on input line 
233.
LaTeX Font Info:    Failed loading font information for L7x+cmtt. on input line
 233.
LaTeX Font Info:    Failed loading font information for L7x+cmr. on input line 
234.
LaTeX Font Info:    Failed loading font information for L7x+cmtt. on input line
 234.
LaTeX Font Info:    Failed loading font information for L7x+cmr. on input line 
235.
LaTeX Font Info:    Failed loading font information for L7x+cmtt. on input line
 235.
LaTeX Font Info:    Failed loading font information for L7x+cmr. on input line 
238.

LaTeX Warning: Reference `fig:d1a' on page 1 undefined on input line 238.

LaTeX Font Info:    Failed loading font information for L7x+cmr. on input line 
238.

LaTeX Warning: Reference `fig:d1b' on page 1 undefined on input line 238.

LaTeX Font Info:    Failed loading font information for L7x+cmr. on input line 
238.

LaTeX Warning: Reference `fig:d1c' on page 1 undefined on input line 238.

LaTeX Font Info:    Failed loading font information for L7x+cmr. on input line 
239.

LaTeX Warning: Reference `fig:d2' on page 1 undefined on input line 239.

LaTeX Font Info:    Failed loading font information for L7x+cmr. on input line 
240.

LaTeX Warning: Reference `fig:d3' on page 1 undefined on input line 240.

LaTeX Font Info:    Failed loading font information for L7x+cmr. on input line 
240.

LaTeX Warning: Reference `fig:d5' on page 1 undefined on input line 240.

LaTeX Font Info:    Failed loading font information for L7x+cmr. on input line 
241.

LaTeX Warning: Reference `fig:d1g' on page 1 undefined on input line 241.

LaTeX Font Info:    Failed loading font information for L7x+cmr. on input line 
242.
LaTeX Font Info:    Failed loading font information for L7x+cmr. on input line 
242.
[1

{/var/lib/texmf/fonts/map/pdftex/updmap/pdftex.map}]
LaTeX Font Info:    Failed loading font information for L7x+cmr. on input line 
246.
LaTeX Font Info:    Failed loading font information for L7x+cmtt. on input line
 246.
LaTeX Font Info:    Failed loading font information for L7x+cmr. on input line 
248.
LaTeX Font Info:    Failed loading font information for L7x+cmr. on input line 
250.
LaTeX Font Info:    Failed loading font information for L7x+cmr. on input line 
264.
LaTeX Font Info:    Failed loading font information for L7x+cmr. on input line 
286.
LaTeX Font Info:    Failed loading font information for L7x+cmtt. on input line
 286.
LaTeX Font Info:    Failed loading font information for L7x+cmr. on input line 
287.


LaTeX Warning: Reference `t1' on page 2 undefined on input line 287.

LaTeX Font Info:    Failed loading font information for L7x+cmr. on input line 
287.

LaTeX Warning: Reference `t2' on page 2 undefined on input line 287.

LaTeX Font Info:    Failed loading font information for L7x+cmr. on input line 
289.
LaTeX Font Info:    Failed loading font information for L7x+cmr. on input line 
298.
LaTeX Font Info:    Failed loading font information for L7x+cmr. on input line 
303.

Overfull \hbox (4.67079pt too wide) in paragraph at lines 318--319
[]\L7x/lmr/m/it/10 Apibrimo teks-tas. \L7x/lmr/m/n/10 Api-b-ria-ma svo-ka \L7x/
lmr/m/it/10 rao-
 []

LaTeX Font Info:    Failed loading font information for L7x+cmr. on input line 
324.
LaTeX Font Info:    Failed loading font information for L7x+cmr. on input line 
324.
[2]
LaTeX Font Info:    Failed loading font information for L7x+cmr. on input line 
340.
LaTeX Font Info:    Failed loading font information for L7x+cmr. on input line 
342.


LaTeX Warning: Citation `StraipsnisEn' on page 3 undefined on input line 342.

LaTeX Font Info:    Failed loading font information for L7x+cmr. on input line 
342.

LaTeX Warning: Citation `inproceedingsEN' on page 3 undefined on input line 342
.

LaTeX Font Info:    Failed loading font information for L7x+cmr. on input line 
342.

LaTeX Warning: Citation `knygaEn' on page 3 undefined on input line 342.

LaTeX Font Info:    Failed loading font information for L7x+cmr. on input line 
342.

LaTeX Warning: Citation `StraipsnisLt' on page 3 undefined on input line 342.

LaTeX Font Info:    Failed loading font information for L7x+cmr. on input line 
342.

LaTeX Warning: Citation `knygaLt' on page 3 undefined on input line 342.

LaTeX Font Info:    Failed loading font information for L7x+cmr. on input line 
342.

LaTeX Warning: Citation `KonfLeidLT' on page 3 undefined on input line 342.

LaTeX Font Info:    Failed loading font information for L7x+cmr. on input line 
342.

LaTeX Warning: Citation `latex' on page 3 undefined on input line 342.

LaTeX Font Info:    Failed loading font information for L7x+cmr. on input line 
346.
LaTeX Font Info:    Failed loading font information for L7x+cmtt. on input line
 346.
LaTeX Font Info:    Failed loading font information for L7x+cmr. on input line 
355.
LaTeX Font Info:    Failed loading font information for L7x+cmr. on input line 
359.
LaTeX Font Info:    Failed loading font information for L7x+cmtt. on input line
 359.
LaTeX Font Info:    Failed loading font information for L7x+cmr. on input line 
359.
LaTeX Font Info:    Failed loading font information for L7x+cmtt. on input line
 359.
LaTeX Font Info:    Failed loading font information for L7x+cmr. on input line 
360.
LaTeX Font Info:    Failed loading font information for L7x+cmtt. on input line
 360.
LaTeX Font Info:    Failed loading font information for L7x+cmr. on input line 
362.
LaTeX Font Info:    Failed loading font information for L7x+cmtt. on input line
 362.
LaTeX Font Info:    Failed loading font information for L7x+cmr. on input line 
363.
LaTeX Font Info:    Failed loading font information for L7x+cmtt. on input line
 363.
LaTeX Font Info:    Failed loading font information for L7x+cmr. on input line 
364.
LaTeX Font Info:    Failed loading font information for L7x+cmtt. on input line
 364.
LaTeX Font Info:    Failed loading font information for L7x+cmr. on input line 
366.
LaTeX Font Info:    Failed loading font information for L7x+cmr. on input line 
370.
LaTeX Font Info:    Failed loading font information for L7x+cmr. on input line 
370.
[3]
LaTeX Font Info:    Failed loading font information for L7x+cmr. on input line 
375.
LaTeX Font Info:    Failed loading font information for L7x+cmr. on input line 
389.
LaTeX Font Info:    Failed loading font information for L7x+cmr. on input line 
393.
LaTeX Font Info:    Failed loading font information for L7x+cmtt. on input line
 393.

No file LMD_gidas.bbl.
LaTeX Font Info:    Failed loading font information for L7x+cmr. on input line 
405.
LaTeX Font Info:    Failed loading font information for L7x+cmr. on input line 
405.
[4] (./LMD_gidas.aux)

LaTeX Warning: There were undefined references.


LaTeX Warning: Label(s) may have changed. Rerun to get cross-references right.

 ) 
Here is how much of TeX's memory you used:
 2724 strings out of 494808
 31792 string characters out of 1178196
 87201 words of memory out of 3000000
 5850 multiletter control sequences out of 15000+50000
 55283 words of font info for 89 fonts, out of 3000000 for 9000
 212 hyphenation exceptions out of 8191
 29i,12n,24p,235b,260s stack positions out of 5000i,500n,10000p,200000b,50000s
{/usr/share/texmf/fonts/enc/dvips/lm/lm-rm.enc}{/usr/share/texmf/fonts/enc/dv
ips/lm/lm-l7x.enc}</usr/share/texmf-texlive/fonts/type1/public/amsfonts/cm/cmmi
10.pfb></usr/share/texmf-texlive/fonts/type1/public/amsfonts/cm/cmmi7.pfb></usr
/share/texmf-texlive/fonts/type1/public/amsfonts/cm/cmmi8.pfb></usr/share/texmf
-texlive/fonts/type1/public/amsfonts/cm/cmr10.pfb></usr/share/texmf-texlive/fon
ts/type1/public/amsfonts/cm/cmr6.pfb></usr/share/texmf-texlive/fonts/type1/publ
ic/amsfonts/cm/cmr7.pfb></usr/share/texmf-texlive/fonts/type1/public/amsfonts/c
m/cmr8.pfb></usr/share/texmf-texlive/fonts/type1/public/amsfonts/cm/cmss10.pfb>
</usr/share/texmf-texlive/fonts/type1/public/amsfonts/cm/cmss8.pfb></usr/share/
texmf-texlive/fonts/type1/public/amsfonts/cm/cmsy10.pfb></usr/share/texmf-texli
ve/fonts/type1/public/amsfonts/cm/cmsy6.pfb></usr/share/texmf/fonts/type1/publi
c/lm/lmbx10.pfb></usr/share/texmf/fonts/type1/public/lm/lmbx12.pfb></usr/share/
texmf/fonts/type1/public/lm/lmbx7.pfb></usr/share/texmf/fonts/type1/public/lm/l
mr10.pfb></usr/share/texmf/fonts/type1/public/lm/lmr12.pfb></usr/share/texmf/fo
nts/type1/public/lm/lmr17.pfb></usr/share/texmf/fonts/type1/public/lm/lmr7.pfb>
</usr/share/texmf/fonts/type1/public/lm/lmr8.pfb></usr/share/texmf/fonts/type1/
public/lm/lmr9.pfb></usr/share/texmf/fonts/type1/public/lm/lmri10.pfb></usr/sha
re/texmf/fonts/type1/public/lm/lmri9.pfb>
Output written on LMD_gidas.pdf (4 pages, 353327 bytes).
PDF statistics:
 111 PDF objects out of 1000 (max. 8388607)
 0 named destinations out of 1000 (max. 500000)
 1 words of extra memory for PDF output out of 10000 (max. 10000000)

