This is pdfTeX, Version 3.1415926-1.40.10 (TeX Live 2009/Debian) (format=latex 2012.5.22)  25 SEP 2012 23:44
entering extended mode
 %&-line parsing enabled.
**versija-4-10.tex
(./versija-4-10.tex
LaTeX2e <2009/09/24>
Babel <v3.8l> and hyphenation patterns for english, usenglishmax, dumylang, noh
yphenation, farsi, arabic, croatian, bulgarian, ukrainian, russian, czech, slov
ak, danish, dutch, finnish, french, basque, ngerman, german, german-x-2009-06-1
9, ngerman-x-2009-06-19, ibycus, monogreek, greek, ancientgreek, hungarian, san
skrit, italian, latin, latvian, lithuanian, mongolian2a, mongolian, bokmal, nyn
orsk, romanian, irish, coptic, serbian, turkish, welsh, esperanto, uppersorbian
, estonian, indonesian, interlingua, icelandic, kurmanji, slovenian, polish, po
rtuguese, spanish, galician, catalan, swedish, ukenglish, pinyin, loaded.
(/usr/share/texmf-texlive/tex/latex/base/article.cls
Document Class: article 2007/10/19 v1.4h Standard LaTeX document class
(/usr/share/texmf-texlive/tex/latex/base/size10.clo
File: size10.clo 2007/10/19 v1.4h Standard LaTeX file (size option)
)
\c@part=\count79
\c@section=\count80
\c@subsection=\count81
\c@subsubsection=\count82
\c@paragraph=\count83
\c@subparagraph=\count84
\c@figure=\count85
\c@table=\count86
\abovecaptionskip=\skip41
\belowcaptionskip=\skip42
\bibindent=\dimen102
)
(/usr/share/texmf-texlive/tex/latex/base/fontenc.sty
Package: fontenc 2005/09/27 v1.99g Standard LaTeX package

(/usr/share/texmf-texlive/tex/latex/lithuanian/l7xenc.def
File: l7xenc.def 2008/10/14 v1.96 LaTeX-LT file
LaTeX Info: Redefining \selectfont on input line 30.
)
LaTeX Font Info:    Failed loading font information for L7x+cmr. on input line 
100.
LaTeX Font Info:    Try loading font information for L7x+lmr on input line 100.


(/usr/share/texmf/tex/latex/lm/l7xlmr.fd
File: l7xlmr.fd 2009/10/30 v1.6 Font defs for Latin Modern
))
(/var/lib/texmf/tex/generic/babel/babel.sty
Package: babel 2008/07/06 v3.8l The Babel package

(/usr/share/texmf-texlive/tex/latex/lithuanian/lithuanian.ldf
Language: lithuanian 2006/09/20 v0.5 Lithuanian support from the babel system

(/usr/share/texmf-texlive/tex/generic/babel/babel.def
File: babel.def 2008/07/06 v3.8l Babel common definitions
\babel@savecnt=\count87
\U@D=\dimen103
)))
(/usr/share/texmf-texlive/tex/latex/base/inputenc.sty
Package: inputenc 2008/03/30 v1.1d Input encoding file
\inpenc@prehook=\toks14
\inpenc@posthook=\toks15

(/usr/share/texmf-texlive/tex/latex/ucs/utf8x.def
File: utf8x.def 2004/10/17 UCS: Input encoding UTF-8
))
(/usr/share/texmf-texlive/tex/latex/ucs/ucs.sty
Package: ucs 2004/10/17 UCS: Unicode input support

(/usr/share/texmf-texlive/tex/latex/ucs/data/uni-global.def
File: uni-global.def 2004/10/17 UCS: Unicode global data
)
\uc@secondtry=\count88
\uc@combtoks=\toks16
\uc@combtoksb=\toks17
\uc@temptokena=\toks18
)
(/usr/share/texmf-texlive/tex/latex/graphics/graphicx.sty
Package: graphicx 1999/02/16 v1.0f Enhanced LaTeX Graphics (DPC,SPQR)

(/usr/share/texmf-texlive/tex/latex/graphics/keyval.sty
Package: keyval 1999/03/16 v1.13 key=value parser (DPC)
\KV@toks@=\toks19
)
(/usr/share/texmf-texlive/tex/latex/graphics/graphics.sty
Package: graphics 2009/02/05 v1.0o Standard LaTeX Graphics (DPC,SPQR)

(/usr/share/texmf-texlive/tex/latex/graphics/trig.sty
Package: trig 1999/03/16 v1.09 sin cos tan (DPC)
)
(/etc/texmf/tex/latex/config/graphics.cfg
File: graphics.cfg 2009/08/28 v1.8 graphics configuration of TeX Live
)
Package graphics Info: Driver file: dvips.def on input line 91.

(/usr/share/texmf-texlive/tex/latex/graphics/dvips.def
File: dvips.def 1999/02/16 v3.0i Driver-dependant file (DPC,SPQR)
))
\Gin@req@height=\dimen104
\Gin@req@width=\dimen105
)
(/usr/share/texmf-texlive/tex/latex/base/latexsym.sty
Package: latexsym 1998/08/17 v2.2e Standard LaTeX package (lasy symbols)
\symlasy=\mathgroup4
LaTeX Font Info:    Overwriting symbol font `lasy' in version `bold'
(Font)                  U/lasy/m/n --> U/lasy/b/n on input line 47.
)
(/usr/share/texmf-texlive/tex/latex/amsfonts/amssymb.sty
Package: amssymb 2009/06/22 v3.00

(/usr/share/texmf-texlive/tex/latex/amsfonts/amsfonts.sty
Package: amsfonts 2009/06/22 v3.00 Basic AMSFonts support
\@emptytoks=\toks20
\symAMSa=\mathgroup5
\symAMSb=\mathgroup6
LaTeX Font Info:    Overwriting math alphabet `\mathfrak' in version `bold'
(Font)                  U/euf/m/n --> U/euf/b/n on input line 96.
))
(/usr/share/texmf-texlive/tex/latex/amsmath/amsmath.sty
Package: amsmath 2000/07/18 v2.13 AMS math features
\@mathmargin=\skip43

For additional information on amsmath, use the `?' option.
(/usr/share/texmf-texlive/tex/latex/amsmath/amstext.sty
Package: amstext 2000/06/29 v2.01

(/usr/share/texmf-texlive/tex/latex/amsmath/amsgen.sty
File: amsgen.sty 1999/11/30 v2.0
\@emptytoks=\toks21
\ex@=\dimen106
))
(/usr/share/texmf-texlive/tex/latex/amsmath/amsbsy.sty
Package: amsbsy 1999/11/29 v1.2d
\pmbraise@=\dimen107
)
(/usr/share/texmf-texlive/tex/latex/amsmath/amsopn.sty
Package: amsopn 1999/12/14 v2.01 operator names
)
\inf@bad=\count89
LaTeX Info: Redefining \frac on input line 211.
\uproot@=\count90
\leftroot@=\count91
LaTeX Info: Redefining \overline on input line 307.
\classnum@=\count92
\DOTSCASE@=\count93
LaTeX Info: Redefining \ldots on input line 379.
LaTeX Info: Redefining \dots on input line 382.
LaTeX Info: Redefining \cdots on input line 467.
\Mathstrutbox@=\box26
\strutbox@=\box27
\big@size=\dimen108
LaTeX Font Info:    Redeclaring font encoding OML on input line 567.
LaTeX Font Info:    Redeclaring font encoding OMS on input line 568.
\macc@depth=\count94
\c@MaxMatrixCols=\count95
\dotsspace@=\muskip10
\c@parentequation=\count96
\dspbrk@lvl=\count97
\tag@help=\toks22
\row@=\count98
\column@=\count99
\maxfields@=\count100
\andhelp@=\toks23
\eqnshift@=\dimen109
\alignsep@=\dimen110
\tagshift@=\dimen111
\tagwidth@=\dimen112
\totwidth@=\dimen113
\lineht@=\dimen114
\@envbody=\toks24
\multlinegap=\skip44
\multlinetaggap=\skip45
\mathdisplay@stack=\toks25
LaTeX Info: Redefining \[ on input line 2666.
LaTeX Info: Redefining \] on input line 2667.
)
\c@thm=\count101

(/usr/share/texmf-texlive/tex/latex/graphics/color.sty
Package: color 2005/11/14 v1.0j Standard LaTeX Color (DPC)

(/etc/texmf/tex/latex/config/color.cfg
File: color.cfg 2007/01/18 v1.5 color configuration of teTeX/TeXLive
)
Package color Info: Driver file: dvips.def on input line 130.

(/usr/share/texmf-texlive/tex/latex/graphics/dvipsnam.def
File: dvipsnam.def 1999/02/16 v3.0i Driver-dependant file (DPC,SPQR)
))

LaTeX Warning: File `x.bib' already exists on the system.
               Not generating it from this source.

(./versija-4-10.aux)
\openout1 = `versija-4-10.aux'.

LaTeX Font Info:    Checking defaults for OML/cmm/m/it on input line 113.
LaTeX Font Info:    ... okay on input line 113.
LaTeX Font Info:    Checking defaults for T1/cmr/m/n on input line 113.
LaTeX Font Info:    ... okay on input line 113.
LaTeX Font Info:    Checking defaults for OT1/cmr/m/n on input line 113.
LaTeX Font Info:    ... okay on input line 113.
LaTeX Font Info:    Checking defaults for OMS/cmsy/m/n on input line 113.
LaTeX Font Info:    ... okay on input line 113.
LaTeX Font Info:    Checking defaults for OMX/cmex/m/n on input line 113.
LaTeX Font Info:    ... okay on input line 113.
LaTeX Font Info:    Checking defaults for U/cmr/m/n on input line 113.
LaTeX Font Info:    ... okay on input line 113.
LaTeX Font Info:    Checking defaults for L7x/lmr/m/n on input line 113.
LaTeX Font Info:    ... okay on input line 113.
LaTeX Font Info:    Failed loading font information for L7x+cmr. on input line 
113.
 (/usr/share/texmf-texlive/tex/latex/ucs/ucsencs.def
File: ucsencs.def 2003/11/29 Fixes to fontencodings LGR, T3
)
(/usr/share/texmf-texlive/tex/latex/ucs/data/uni-1.def
File: uni-1.def 2004/10/17 UCS: Unicode data U+0100..U+01FF
)
LaTeX Font Info:    Try loading font information for U+lasy on input line 114.

(/usr/share/texmf-texlive/tex/latex/base/ulasy.fd
File: ulasy.fd 1998/08/17 v2.2e LaTeX symbol font definitions
)
LaTeX Font Info:    Try loading font information for U+msa on input line 114.

(/usr/share/texmf-texlive/tex/latex/amsfonts/umsa.fd
File: umsa.fd 2009/06/22 v3.00 AMS symbols A
)
LaTeX Font Info:    Try loading font information for U+msb on input line 114.

(/usr/share/texmf-texlive/tex/latex/amsfonts/umsb.fd
File: umsb.fd 2009/06/22 v3.00 AMS symbols B
)
LaTeX Font Info:    Failed loading font information for L7x+cmr. on input line 
136.

(/usr/share/texmf-texlive/tex/latex/ucs/data/uni-32.def
File: uni-32.def 2004/10/17 UCS: Unicode data U+2000..U+20FF
)
LaTeX Font Info:    Failed loading font information for L7x+cmr. on input line 
140.
LaTeX Font Info:    Failed loading font information for L7x+cmr. on input line 
143.
LaTeX Font Info:    Failed loading font information for L7x+cmr. on input line 
143.
 [1

]
LaTeX Font Info:    Failed loading font information for L7x+cmr. on input line 
161.
File: grinis1.eps Graphic file (type eps)
 <grinis1.eps>
LaTeX Font Info:    Failed loading font information for L7x+cmr. on input line 
170.
File: grinis2.eps Graphic file (type eps)

<grinis2.eps>
Overfull \hbox (26.83665pt too wide) in paragraph at lines 173--174
[][] 
 []


LaTeX Warning: `!h' float specifier changed to `!ht'.

LaTeX Font Info:    Failed loading font information for L7x+cmr. on input line 
179.
LaTeX Font Info:    Failed loading font information for L7x+cmr. on input line 
180.
LaTeX Font Info:    Failed loading font information for L7x+cmr. on input line 
184.
LaTeX Font Info:    Failed loading font information for L7x+cmr. on input line 
184.
[2]
LaTeX Font Info:    Failed loading font information for L7x+cmr. on input line 
200.
LaTeX Font Info:    Failed loading font information for L7x+cmr. on input line 
200.
 [3]
LaTeX Font Info:    Failed loading font information for L7x+cmr. on input line 
210.
LaTeX Font Info:    Failed loading font information for L7x+cmr. on input line 
213.
LaTeX Font Info:    Failed loading font information for L7x+cmr. on input line 
235.
LaTeX Font Info:    Failed loading font information for L7x+cmr. on input line 
246.
LaTeX Font Info:    Failed loading font information for L7x+cmr. on input line 
246.
 [4]
LaTeX Font Info:    Failed loading font information for L7x+cmr. on input line 
280.
File: grinis3.eps Graphic file (type eps)
 <grinis3.eps>

LaTeX Warning: `!h' float specifier changed to `!ht'.

LaTeX Font Info:    Failed loading font information for L7x+cmr. on input line 
292.
LaTeX Font Info:    Failed loading font information for L7x+cmr. on input line 
295.
LaTeX Font Info:    Failed loading font information for L7x+cmr. on input line 
295.
[5]
LaTeX Font Info:    Failed loading font information for L7x+cmr. on input line 
300.
LaTeX Font Info:    Failed loading font information for L7x+cmr. on input line 
309.
LaTeX Font Info:    Failed loading font information for L7x+cmr. on input line 
309.
 [6] (./versija-4-10.bbl
LaTeX Font Info:    Failed loading font information for L7x+cmr. on input line 
1.
)
LaTeX Font Info:    Failed loading font information for L7x+cmr. on input line 
349.
LaTeX Font Info:    Failed loading font information for L7x+cmr. on input line 
349.
 [7]
LaTeX Font Info:    Failed loading font information for L7x+cmr. on input line 
349.
LaTeX Font Info:    Failed loading font information for L7x+cmr. on input line 
349.
 [8] (./versija-4-10.aux) ) 
Here is how much of TeX's memory you used:
 3545 strings out of 493849
 42064 string characters out of 1152846
 94370 words of memory out of 3000000
 6755 multiletter control sequences out of 15000+50000
 35023 words of font info for 65 fonts, out of 3000000 for 9000
 714 hyphenation exceptions out of 8191
 27i,9n,24p,1314b,583s stack positions out of 5000i,500n,10000p,200000b,50000s

Output written on versija-4-10.dvi (8 pages, 24856 bytes).
