This is pdfTeX, Version 3.1415926-1.40.10 (TeX Live 2009/Debian) (format=pdflatex 2012.4.30)  26 MAY 2012 12:37
entering extended mode
 %&-line parsing enabled.
**versija-3.tex
(./versija-3.tex
LaTeX2e <2009/09/24>
Babel <v3.8l> and hyphenation patterns for english, usenglishmax, dumylang, noh
yphenation, bulgarian, ukrainian, russian, lithuanian, loaded.
(/usr/share/texmf-texlive/tex/latex/base/article.cls
Document Class: article 2007/10/19 v1.4h Standard LaTeX document class
(/usr/share/texmf-texlive/tex/latex/base/size10.clo
File: size10.clo 2007/10/19 v1.4h Standard LaTeX file (size option)
)
\c@part=\count79
\c@section=\count80
\c@subsection=\count81
\c@subsubsection=\count82
\c@paragraph=\count83
\c@subparagraph=\count84
\c@figure=\count85
\c@table=\count86
\abovecaptionskip=\skip41
\belowcaptionskip=\skip42
\bibindent=\dimen102
)
(/usr/share/texmf-texlive/tex/latex/base/fontenc.sty
Package: fontenc 2005/09/27 v1.99g Standard LaTeX package

(/usr/share/texmf/tex/latex/littex/l7xenc.def
File: l7xenc.def 2008/10/14 v1.96 LaTeX-LT file
LaTeX Info: Redefining \selectfont on input line 30.
)
LaTeX Font Info:    Failed loading font information for L7x+cmr. on input line 
100.
LaTeX Font Info:    Try loading font information for L7x+lmr on input line 100.


(/usr/share/texmf/tex/latex/lm/l7xlmr.fd
File: l7xlmr.fd 2009/10/30 v1.6 Font defs for Latin Modern
))
(/usr/share/texmf-texlive/tex/generic/babel/babel.sty
Package: babel 2008/07/06 v3.8l The Babel package

(/usr/share/texmf-texlive/tex/latex/lithuanian/lithuanian.ldf
Language: lithuanian 2006/09/20 v0.5 Lithuanian support from the babel system

(/usr/share/texmf-texlive/tex/generic/babel/babel.def
File: babel.def 2008/07/06 v3.8l Babel common definitions
\babel@savecnt=\count87
\U@D=\dimen103
)))
(/usr/share/texmf-texlive/tex/latex/base/inputenc.sty
Package: inputenc 2008/03/30 v1.1d Input encoding file
\inpenc@prehook=\toks14
\inpenc@posthook=\toks15

(/usr/share/texmf-texlive/tex/latex/ucs/utf8x.def
File: utf8x.def 2004/10/17 UCS: Input encoding UTF-8
))
(/usr/share/texmf-texlive/tex/latex/ucs/ucs.sty
Package: ucs 2004/10/17 UCS: Unicode input support

(/usr/share/texmf-texlive/tex/latex/ucs/data/uni-global.def
File: uni-global.def 2004/10/17 UCS: Unicode global data
)
\uc@secondtry=\count88
\uc@combtoks=\toks16
\uc@combtoksb=\toks17
\uc@temptokena=\toks18
)
(/usr/share/texmf-texlive/tex/latex/graphics/graphicx.sty
Package: graphicx 1999/02/16 v1.0f Enhanced LaTeX Graphics (DPC,SPQR)

(/usr/share/texmf-texlive/tex/latex/graphics/keyval.sty
Package: keyval 1999/03/16 v1.13 key=value parser (DPC)
\KV@toks@=\toks19
)
(/usr/share/texmf-texlive/tex/latex/graphics/graphics.sty
Package: graphics 2009/02/05 v1.0o Standard LaTeX Graphics (DPC,SPQR)

(/usr/share/texmf-texlive/tex/latex/graphics/trig.sty
Package: trig 1999/03/16 v1.09 sin cos tan (DPC)
)
(/etc/texmf/tex/latex/config/graphics.cfg
File: graphics.cfg 2009/08/28 v1.8 graphics configuration of TeX Live
)
Package graphics Info: Driver file: pdftex.def on input line 91.

(/usr/share/texmf-texlive/tex/latex/pdftex-def/pdftex.def
File: pdftex.def 2010/03/12 v0.04p Graphics/color for pdfTeX
\Gread@gobject=\count89
))
\Gin@req@height=\dimen104
\Gin@req@width=\dimen105
)
(/usr/share/texmf-texlive/tex/latex/base/latexsym.sty
Package: latexsym 1998/08/17 v2.2e Standard LaTeX package (lasy symbols)
\symlasy=\mathgroup4
LaTeX Font Info:    Overwriting symbol font `lasy' in version `bold'
(Font)                  U/lasy/m/n --> U/lasy/b/n on input line 47.
)
(/usr/share/texmf-texlive/tex/latex/amsfonts/amssymb.sty
Package: amssymb 2009/06/22 v3.00

(/usr/share/texmf-texlive/tex/latex/amsfonts/amsfonts.sty
Package: amsfonts 2009/06/22 v3.00 Basic AMSFonts support
\@emptytoks=\toks20
\symAMSa=\mathgroup5
\symAMSb=\mathgroup6
LaTeX Font Info:    Overwriting math alphabet `\mathfrak' in version `bold'
(Font)                  U/euf/m/n --> U/euf/b/n on input line 96.
))
(/usr/share/texmf-texlive/tex/latex/amsmath/amsmath.sty
Package: amsmath 2000/07/18 v2.13 AMS math features
\@mathmargin=\skip43

For additional information on amsmath, use the `?' option.
(/usr/share/texmf-texlive/tex/latex/amsmath/amstext.sty
Package: amstext 2000/06/29 v2.01

(/usr/share/texmf-texlive/tex/latex/amsmath/amsgen.sty
File: amsgen.sty 1999/11/30 v2.0
\@emptytoks=\toks21
\ex@=\dimen106
))
(/usr/share/texmf-texlive/tex/latex/amsmath/amsbsy.sty
Package: amsbsy 1999/11/29 v1.2d
\pmbraise@=\dimen107
)
(/usr/share/texmf-texlive/tex/latex/amsmath/amsopn.sty
Package: amsopn 1999/12/14 v2.01 operator names
)
\inf@bad=\count90
LaTeX Info: Redefining \frac on input line 211.
\uproot@=\count91
\leftroot@=\count92
LaTeX Info: Redefining \overline on input line 307.
\classnum@=\count93
\DOTSCASE@=\count94
LaTeX Info: Redefining \ldots on input line 379.
LaTeX Info: Redefining \dots on input line 382.
LaTeX Info: Redefining \cdots on input line 467.
\Mathstrutbox@=\box26
\strutbox@=\box27
\big@size=\dimen108
LaTeX Font Info:    Redeclaring font encoding OML on input line 567.
LaTeX Font Info:    Redeclaring font encoding OMS on input line 568.
\macc@depth=\count95
\c@MaxMatrixCols=\count96
\dotsspace@=\muskip10
\c@parentequation=\count97
\dspbrk@lvl=\count98
\tag@help=\toks22
\row@=\count99
\column@=\count100
\maxfields@=\count101
\andhelp@=\toks23
\eqnshift@=\dimen109
\alignsep@=\dimen110
\tagshift@=\dimen111
\tagwidth@=\dimen112
\totwidth@=\dimen113
\lineht@=\dimen114
\@envbody=\toks24
\multlinegap=\skip44
\multlinetaggap=\skip45
\mathdisplay@stack=\toks25
LaTeX Info: Redefining \[ on input line 2666.
LaTeX Info: Redefining \] on input line 2667.
)
\c@thm=\count102

(/usr/share/texmf-texlive/tex/latex/graphics/color.sty
Package: color 2005/11/14 v1.0j Standard LaTeX Color (DPC)

(/etc/texmf/tex/latex/config/color.cfg
File: color.cfg 2007/01/18 v1.5 color configuration of teTeX/TeXLive
)
Package color Info: Driver file: pdftex.def on input line 130.
)

LaTeX Warning: File `x.bib' already exists on the system.
               Not generating it from this source.

(./versija-3.aux

LaTeX Warning: Label `fig:d1c' multiply defined.

)
\openout1 = `versija-3.aux'.

LaTeX Font Info:    Checking defaults for OML/cmm/m/it on input line 77.
LaTeX Font Info:    ... okay on input line 77.
LaTeX Font Info:    Checking defaults for T1/cmr/m/n on input line 77.
LaTeX Font Info:    ... okay on input line 77.
LaTeX Font Info:    Checking defaults for OT1/cmr/m/n on input line 77.
LaTeX Font Info:    ... okay on input line 77.
LaTeX Font Info:    Checking defaults for OMS/cmsy/m/n on input line 77.
LaTeX Font Info:    ... okay on input line 77.
LaTeX Font Info:    Checking defaults for OMX/cmex/m/n on input line 77.
LaTeX Font Info:    ... okay on input line 77.
LaTeX Font Info:    Checking defaults for U/cmr/m/n on input line 77.
LaTeX Font Info:    ... okay on input line 77.
LaTeX Font Info:    Checking defaults for L7x/lmr/m/n on input line 77.
LaTeX Font Info:    ... okay on input line 77.
LaTeX Font Info:    Failed loading font information for L7x+cmr. on input line 
77.
 (/usr/share/texmf-texlive/tex/latex/ucs/ucsencs.def
File: ucsencs.def 2003/11/29 Fixes to fontencodings LGR, T3
)
(/usr/share/texmf-texlive/tex/context/base/supp-pdf.mkii
[Loading MPS to PDF converter (version 2006.09.02).]
\scratchcounter=\count103
\scratchdimen=\dimen115
\scratchbox=\box28
\nofMPsegments=\count104
\nofMParguments=\count105
\everyMPshowfont=\toks26
\MPscratchCnt=\count106
\MPscratchDim=\dimen116
\MPnumerator=\count107
\everyMPtoPDFconversion=\toks27
) (/usr/share/texmf-texlive/tex/latex/ucs/data/uni-1.def
File: uni-1.def 2004/10/17 UCS: Unicode data U+0100..U+01FF
)
LaTeX Font Info:    Try loading font information for U+lasy on input line 78.

(/usr/share/texmf-texlive/tex/latex/base/ulasy.fd
File: ulasy.fd 1998/08/17 v2.2e LaTeX symbol font definitions
)
LaTeX Font Info:    Try loading font information for U+msa on input line 78.

(/usr/share/texmf-texlive/tex/latex/amsfonts/umsa.fd
File: umsa.fd 2009/06/22 v3.00 AMS symbols A
)
LaTeX Font Info:    Try loading font information for U+msb on input line 78.

(/usr/share/texmf-texlive/tex/latex/amsfonts/umsb.fd
File: umsb.fd 2009/06/22 v3.00 AMS symbols B
)
LaTeX Font Info:    Failed loading font information for L7x+cmr. on input line 
101.

(/usr/share/texmf-texlive/tex/latex/ucs/data/uni-32.def
File: uni-32.def 2004/10/17 UCS: Unicode data U+2000..U+20FF
)
LaTeX Font Info:    Failed loading font information for L7x+cmr. on input line 
110.
LaTeX Font Info:    Failed loading font information for L7x+cmr. on input line 
113.
LaTeX Font Info:    Failed loading font information for L7x+cmr. on input line 
113.
 [1

{/var/lib/texmf/fonts/map/pdftex/updmap/pdftex.map}]
LaTeX Font Info:    Failed loading font information for L7x+cmr. on input line 
123.
 <pav-1.pdf, id=15, 399.4925pt x 245.91875pt>
File: pav-1.pdf Graphic file (type pdf)

<use pav-1.pdf>
Overfull \hbox (69.09262pt too wide) in paragraph at lines 127--128
[][] 
 []

LaTeX Font Info:    Failed loading font information for L7x+cmr. on input line 
134.
<pav-2.pdf, id=16, 474.77374pt x 288.07625pt>
File: pav-2.pdf Graphic file (type pdf)
 <use pav-2.pdf>
Overfull \hbox (121.78914pt too wide) in paragraph at lines 138--139
[][] 
 []

<pav-3.pdf, id=17, 794.97pt x 455.7025pt>
File: pav-3.pdf Graphic file (type pdf)
 <use pav-3.pdf>
Overfull \hbox (147.18298pt too wide) in paragraph at lines 145--146
[][] 
 []

<pav-4.pdf, id=18, 600.2425pt x 392.46625pt>
File: pav-4.pdf Graphic file (type pdf)
 <use pav-4.pdf>
Overfull \hbox (59.55641pt too wide) in paragraph at lines 152--153
[][] 
 []


LaTeX Warning: Float too large for page by 165.21323pt on input line 156.

LaTeX Font Info:    Failed loading font information for L7x+cmr. on input line 
162.
LaTeX Font Info:    Failed loading font information for L7x+cmr. on input line 
163.
LaTeX Font Info:    Failed loading font information for L7x+cmr. on input line 
175.
LaTeX Font Info:    Failed loading font information for L7x+cmr. on input line 
175.
[2]

LaTeX Warning: Command \textendash invalid in math mode on input line 189.


Overfull \hbox (57.67252pt too wide) in paragraph at lines 189--190
[]\L7x/lmr/m/it/10 Yra $[]$ ga-li-my-biø pa-si-rink-ti $\OML/cmm/m/it/10 k$ \L7
x/lmr/m/it/10 li-gan-dø, ku-riø kiek-vie-nas su ti-ki-my-be $[][]$
 []

LaTeX Font Info:    Failed loading font information for L7x+cmr. on input line 
196.
LaTeX Font Info:    Failed loading font information for L7x+cmr. on input line 
199.
LaTeX Font Info:    Failed loading font information for L7x+cmr. on input line 
203.
LaTeX Font Info:    Failed loading font information for L7x+cmr. on input line 
203.
[3 <./pav-1.pdf>]
LaTeX Font Info:    Failed loading font information for L7x+cmr. on input line 
219.
LaTeX Font Info:    Failed loading font information for L7x+cmr. on input line 
246.
LaTeX Font Info:    Failed loading font information for L7x+cmr. on input line 
250.
LaTeX Font Info:    Failed loading font information for L7x+cmr. on input line 
250.
 [4]
LaTeX Font Info:    Failed loading font information for L7x+cmr. on input line 
251.
LaTeX Font Info:    Failed loading font information for L7x+cmr. on input line 
258.

No file versija-3.bbl.
LaTeX Font Info:    Failed loading font information for L7x+cmr. on input line 
418.
LaTeX Font Info:    Failed loading font information for L7x+cmr. on input line 
418.
[5]
LaTeX Font Info:    Failed loading font information for L7x+cmr. on input line 
418.
LaTeX Font Info:    Failed loading font information for L7x+cmr. on input line 
418.
 [6 <./pav-2.pdf> <./pav-3.pdf> <./pav-4.pdf>] (./versija-3.aux)

LaTeX Warning: There were multiply-defined labels.

 ) 
Here is how much of TeX's memory you used:
 3777 strings out of 494808
 44709 string characters out of 1178195
 100940 words of memory out of 3000000
 6894 multiletter control sequences out of 15000+50000
 35023 words of font info for 65 fonts, out of 3000000 for 9000
 212 hyphenation exceptions out of 8191
 27i,9n,24p,1247b,583s stack positions out of 5000i,500n,10000p,200000b,50000s
{/usr/share/texmf/fonts/enc/dvips/lm/lm-l7x.enc}</usr/share/texmf-texlive/fon
ts/type1/public/amsfonts/cm/cmex10.pfb></usr/share/texmf-texlive/fonts/type1/pu
blic/amsfonts/cm/cmmi10.pfb></usr/share/texmf-texlive/fonts/type1/public/amsfon
ts/cm/cmmi5.pfb></usr/share/texmf-texlive/fonts/type1/public/amsfonts/cm/cmmi7.
pfb></usr/share/texmf-texlive/fonts/type1/public/amsfonts/cm/cmr10.pfb></usr/sh
are/texmf-texlive/fonts/type1/public/amsfonts/cm/cmr5.pfb></usr/share/texmf-tex
live/fonts/type1/public/amsfonts/cm/cmr6.pfb></usr/share/texmf-texlive/fonts/ty
pe1/public/amsfonts/cm/cmr7.pfb></usr/share/texmf-texlive/fonts/type1/public/am
sfonts/cm/cmr8.pfb></usr/share/texmf-texlive/fonts/type1/public/amsfonts/cm/cms
y10.pfb></usr/share/texmf/fonts/type1/public/lm/lmbx10.pfb></usr/share/texmf/fo
nts/type1/public/lm/lmbx12.pfb></usr/share/texmf/fonts/type1/public/lm/lmr10.pf
b></usr/share/texmf/fonts/type1/public/lm/lmr12.pfb></usr/share/texmf/fonts/typ
e1/public/lm/lmr17.pfb></usr/share/texmf/fonts/type1/public/lm/lmr9.pfb></usr/s
hare/texmf/fonts/type1/public/lm/lmri10.pfb></usr/share/texmf/fonts/type1/publi
c/lm/lmri9.pfb></usr/share/texmf-texlive/fonts/type1/public/amsfonts/symbols/ms
am10.pfb>
Output written on versija-3.pdf (6 pages, 416155 bytes).
PDF statistics:
 114 PDF objects out of 1000 (max. 8388607)
 0 named destinations out of 1000 (max. 500000)
 21 words of extra memory for PDF output out of 10000 (max. 10000000)

